# Logfile created on 2014-01-06 10:15:16 +0200 by logger.rb/36483
E, [2014-01-06T10:15:16.212128 #2244] ERROR -- : Errno::EACCES: Permission denied - /Library/Ruby/Gems/2.0.0/build_info/rake-0.9.2.2.info
/System/Library/Frameworks/Ruby.framework/Versions/2.0/usr/lib/ruby/2.0.0/open-uri.rb:36:in `initialize'  \n/System/Library/Frameworks/Ruby.framework/Versions/2.0/usr/lib/ruby/2.0.0/open-uri.rb:36:in `open'  \n/System/Library/Frameworks/Ruby.framework/Versions/2.0/usr/lib/ruby/2.0.0/open-uri.rb:36:in `open'  \n/System/Library/Frameworks/Ruby.framework/Versions/2.0/usr/lib/ruby/2.0.0/rubygems/installer.rb:776:in `write_build_info_file'  \n/System/Library/Frameworks/Ruby.framework/Versions/2.0/usr/lib/ruby/2.0.0/rubygems/installer.rb:219:in `install'  \n/Library/Ruby/Gems/2.0.0/gems/bundler-1.5.1/lib/bundler/source/rubygems.rb:101:in `block in install'  \n/Library/Ruby/Gems/2.0.0/gems/bundler-1.5.1/lib/bundler/rubygems_integration.rb:118:in `preserve_paths'  \n/Library/Ruby/Gems/2.0.0/gems/bundler-1.5.1/lib/bundler/source/rubygems.rb:94:in `install'  \n/Library/Ruby/Gems/2.0.0/gems/bundler-1.5.1/lib/bundler/installer.rb:111:in `block in install_gem_from_spec'  \n/Library/Ruby/Gems/2.0.0/gems/bundler-1.5.1/lib/bundler/rubygems_integration.rb:150:in `with_build_args'  \n/Library/Ruby/Gems/2.0.0/gems/bundler-1.5.1/lib/bundler/installer.rb:110:in `install_gem_from_spec'  \n/Library/Ruby/Gems/2.0.0/gems/bundler-1.5.1/lib/bundler/installer.rb:295:in `block in install_sequentially'  \n/System/Library/Frameworks/Ruby.framework/Versions/2.0/usr/lib/ruby/2.0.0/forwardable.rb:171:in `each'  \n/System/Library/Frameworks/Ruby.framework/Versions/2.0/usr/lib/ruby/2.0.0/forwardable.rb:171:in `each'  \n/Library/Ruby/Gems/2.0.0/gems/bundler-1.5.1/lib/bundler/installer.rb:294:in `install_sequentially'  \n/Library/Ruby/Gems/2.0.0/gems/bundler-1.5.1/lib/bundler/installer.rb:97:in `run'  \n/Library/Ruby/Gems/2.0.0/gems/bundler-1.5.1/lib/bundler/installer.rb:15:in `install'  \n/Library/Ruby/Gems/2.0.0/gems/bundler-1.5.1/lib/bundler/cli.rb:257:in `install'  \n/Library/Ruby/Gems/2.0.0/gems/bundler-1.5.1/lib/bundler/vendor/thor/command.rb:27:in `run'  \n/Library/Ruby/Gems/2.0.0/gems/bundler-1.5.1/lib/bundler/vendor/thor/invocation.rb:120:in `invoke_command'  \n/Library/Ruby/Gems/2.0.0/gems/bundler-1.5.1/lib/bundler/vendor/thor.rb:363:in `dispatch'  \n/Library/Ruby/Gems/2.0.0/gems/bundler-1.5.1/lib/bundler/vendor/thor/base.rb:438:in `start'  \n/Library/Ruby/Gems/2.0.0/gems/bundler-1.5.1/lib/bundler/cli.rb:10:in `start'  \n/Library/Ruby/Gems/2.0.0/gems/bundler-1.5.1/bin/bundle:22:in `block in <top (required)>'  \n/Library/Ruby/Gems/2.0.0/gems/bundler-1.5.1/lib/bundler/friendly_errors.rb:5:in `with_friendly_errors'  \n/Library/Ruby/Gems/2.0.0/gems/bundler-1.5.1/bin/bundle:22:in `<top (required)>'  \n/usr/bin/bundle:23:in `load'  \n/usr/bin/bundle:23:in `<main>'
I, [2014-01-06T10:15:32.087406 #2261]  INFO -- : 0:  rake (0.9.2.2) from /Library/Ruby/Gems/2.0.0/specifications/rake-0.9.2.2.gemspec
I, [2014-01-06T10:15:43.568185 #2261]  INFO -- : 0:  RedCloth (4.2.9) from /Library/Ruby/Gems/2.0.0/specifications/RedCloth-4.2.9.gemspec
I, [2014-01-06T10:15:48.170652 #2261]  INFO -- : 0:  chunky_png (1.2.5) from /Library/Ruby/Gems/2.0.0/specifications/chunky_png-1.2.5.gemspec
I, [2014-01-06T10:15:50.563932 #2261]  INFO -- : 0:  fast-stemmer (1.0.1) from /Library/Ruby/Gems/2.0.0/specifications/fast-stemmer-1.0.1.gemspec
I, [2014-01-06T10:15:53.050668 #2261]  INFO -- : 0:  classifier (1.3.3) from /Library/Ruby/Gems/2.0.0/specifications/classifier-1.3.3.gemspec
I, [2014-01-06T10:15:54.744937 #2261]  INFO -- : 0:  fssm (0.2.9) from /Library/Ruby/Gems/2.0.0/specifications/fssm-0.2.9.gemspec
I, [2014-01-06T10:15:58.165025 #2261]  INFO -- : 0:  sass (3.2.9) from /Library/Ruby/Gems/2.0.0/specifications/sass-3.2.9.gemspec
I, [2014-01-06T10:16:12.196137 #2261]  INFO -- : 0:  compass (0.12.2) from /Library/Ruby/Gems/2.0.0/specifications/compass-0.12.2.gemspec
I, [2014-01-06T10:16:13.627126 #2261]  INFO -- : 0:  directory_watcher (1.4.1) from /Library/Ruby/Gems/2.0.0/specifications/directory_watcher-1.4.1.gemspec
I, [2014-01-06T10:16:19.155601 #2261]  INFO -- : 0:  haml (3.1.7) from /Library/Ruby/Gems/2.0.0/specifications/haml-3.1.7.gemspec
I, [2014-01-06T10:16:23.366581 #2261]  INFO -- : 0:  kramdown (0.13.8) from /Library/Ruby/Gems/2.0.0/specifications/kramdown-0.13.8.gemspec
I, [2014-01-06T10:16:25.119809 #2261]  INFO -- : 0:  liquid (2.3.0) from /Library/Ruby/Gems/2.0.0/specifications/liquid-2.3.0.gemspec
I, [2014-01-06T10:16:27.261656 #2261]  INFO -- : 0:  syntax (1.0.0) from /Library/Ruby/Gems/2.0.0/specifications/syntax-1.0.0.gemspec
I, [2014-01-06T10:16:29.804873 #2261]  INFO -- : 0:  maruku (0.6.1) from /Library/Ruby/Gems/2.0.0/specifications/maruku-0.6.1.gemspec
I, [2014-01-06T10:16:31.578175 #2261]  INFO -- : 0:  posix-spawn (0.3.6) from /Library/Ruby/Gems/2.0.0/specifications/posix-spawn-0.3.6.gemspec
I, [2014-01-06T10:16:38.444791 #2261]  INFO -- : 0:  yajl-ruby (1.1.0) from /Library/Ruby/Gems/2.0.0/specifications/yajl-ruby-1.1.0.gemspec
I, [2014-01-06T10:16:51.803303 #2261]  INFO -- : 0:  pygments.rb (0.3.4) from /Library/Ruby/Gems/2.0.0/specifications/pygments.rb-0.3.4.gemspec
I, [2014-01-06T10:16:54.056024 #2261]  INFO -- : 0:  jekyll (0.12.0) from /Library/Ruby/Gems/2.0.0/specifications/jekyll-0.12.0.gemspec
I, [2014-01-06T10:16:57.093899 #2261]  INFO -- : 0:  rack (1.5.2) from /Library/Ruby/Gems/2.0.0/specifications/rack-1.5.2.gemspec
I, [2014-01-06T10:16:58.486939 #2261]  INFO -- : 0:  rack-protection (1.5.0) from /Library/Ruby/Gems/2.0.0/specifications/rack-protection-1.5.0.gemspec
I, [2014-01-06T10:16:59.975660 #2261]  INFO -- : 0:  rb-fsevent (0.9.1) from /Library/Ruby/Gems/2.0.0/specifications/rb-fsevent-0.9.1.gemspec
I, [2014-01-06T10:17:04.319647 #2261]  INFO -- : 0:  rdiscount (2.0.7.3) from /Library/Ruby/Gems/2.0.0/specifications/rdiscount-2.0.7.3.gemspec
I, [2014-01-06T10:17:05.756134 #2261]  INFO -- : 0:  rubypants (0.2.0) from /Library/Ruby/Gems/2.0.0/specifications/rubypants-0.2.0.gemspec
I, [2014-01-06T10:17:07.263469 #2261]  INFO -- : 0:  sass-globbing (1.0.0) from /Library/Ruby/Gems/2.0.0/specifications/sass-globbing-1.0.0.gemspec
I, [2014-01-06T10:17:09.009464 #2261]  INFO -- : 0:  tilt (1.3.7) from /Library/Ruby/Gems/2.0.0/specifications/tilt-1.3.7.gemspec
I, [2014-01-06T10:17:13.088179 #2261]  INFO -- : 0:  sinatra (1.4.2) from /Library/Ruby/Gems/2.0.0/specifications/sinatra-1.4.2.gemspec
I, [2014-01-06T10:17:15.280935 #2261]  INFO -- : 0:  stringex (1.4.0) from /Library/Ruby/Gems/2.0.0/specifications/stringex-1.4.0.gemspec
I, [2014-01-06T10:17:15.281391 #2261]  INFO -- : 0:  bundler (1.5.1) from /Library/Ruby/Gems/2.0.0/specifications/bundler-1.5.1.gemspec
I, [2014-07-07T17:18:24.256130 #31824]  INFO -- : 0:  rake (0.9.6) from /Library/Ruby/Gems/2.0.0/specifications/default/rake-0.9.6.gemspec
I, [2014-07-07T17:18:24.257499 #31824]  INFO -- : 0:  RedCloth (4.2.9) from /Library/Ruby/Gems/2.0.0/specifications/RedCloth-4.2.9.gemspec
I, [2014-07-07T17:18:24.258020 #31824]  INFO -- : 0:  chunky_png (1.2.5) from /Library/Ruby/Gems/2.0.0/specifications/chunky_png-1.2.5.gemspec
I, [2014-07-07T17:18:24.258593 #31824]  INFO -- : 0:  fast-stemmer (1.0.1) from /Library/Ruby/Gems/2.0.0/specifications/fast-stemmer-1.0.1.gemspec
I, [2014-07-07T17:18:24.259073 #31824]  INFO -- : 0:  classifier (1.3.3) from /Library/Ruby/Gems/2.0.0/specifications/classifier-1.3.3.gemspec
I, [2014-07-07T17:18:24.259446 #31824]  INFO -- : 0:  fssm (0.2.9) from /Library/Ruby/Gems/2.0.0/specifications/fssm-0.2.9.gemspec
I, [2014-07-07T17:18:24.259759 #31824]  INFO -- : 0:  sass (3.2.9) from /Library/Ruby/Gems/2.0.0/specifications/sass-3.2.9.gemspec
I, [2014-07-07T17:18:24.260067 #31824]  INFO -- : 0:  compass (0.12.2) from /Library/Ruby/Gems/2.0.0/specifications/compass-0.12.2.gemspec
I, [2014-07-07T17:18:24.260372 #31824]  INFO -- : 0:  directory_watcher (1.4.1) from /Library/Ruby/Gems/2.0.0/specifications/directory_watcher-1.4.1.gemspec
I, [2014-07-07T17:18:24.260799 #31824]  INFO -- : 0:  haml (3.1.7) from /Library/Ruby/Gems/2.0.0/specifications/haml-3.1.7.gemspec
I, [2014-07-07T17:18:24.261108 #31824]  INFO -- : 0:  kramdown (0.13.8) from /Library/Ruby/Gems/2.0.0/specifications/kramdown-0.13.8.gemspec
I, [2014-07-07T17:18:24.261424 #31824]  INFO -- : 0:  liquid (2.3.0) from /Library/Ruby/Gems/2.0.0/specifications/liquid-2.3.0.gemspec
I, [2014-07-07T17:18:24.261728 #31824]  INFO -- : 0:  syntax (1.0.0) from /Library/Ruby/Gems/2.0.0/specifications/syntax-1.0.0.gemspec
I, [2014-07-07T17:18:24.262046 #31824]  INFO -- : 0:  maruku (0.6.1) from /Library/Ruby/Gems/2.0.0/specifications/maruku-0.6.1.gemspec
I, [2014-07-07T17:18:24.262355 #31824]  INFO -- : 0:  posix-spawn (0.3.6) from /Library/Ruby/Gems/2.0.0/specifications/posix-spawn-0.3.6.gemspec
I, [2014-07-07T17:18:24.262665 #31824]  INFO -- : 0:  yajl-ruby (1.1.0) from /Library/Ruby/Gems/2.0.0/specifications/yajl-ruby-1.1.0.gemspec
I, [2014-07-07T17:18:24.262970 #31824]  INFO -- : 0:  pygments.rb (0.3.4) from /Library/Ruby/Gems/2.0.0/specifications/pygments.rb-0.3.4.gemspec
I, [2014-07-07T17:18:24.263308 #31824]  INFO -- : 0:  jekyll (0.12.0) from /Library/Ruby/Gems/2.0.0/specifications/jekyll-0.12.0.gemspec
I, [2014-07-07T17:18:24.263620 #31824]  INFO -- : 0:  rack (1.5.2) from /Library/Ruby/Gems/2.0.0/specifications/rack-1.5.2.gemspec
I, [2014-07-07T17:18:24.263929 #31824]  INFO -- : 0:  rack-protection (1.5.0) from /Library/Ruby/Gems/2.0.0/specifications/rack-protection-1.5.0.gemspec
I, [2014-07-07T17:18:24.264377 #31824]  INFO -- : 0:  rb-fsevent (0.9.1) from /Library/Ruby/Gems/2.0.0/specifications/rb-fsevent-0.9.1.gemspec
I, [2014-07-07T17:18:24.264721 #31824]  INFO -- : 0:  rdiscount (2.0.7.3) from /Library/Ruby/Gems/2.0.0/specifications/rdiscount-2.0.7.3.gemspec
I, [2014-07-07T17:18:24.265111 #31824]  INFO -- : 0:  rubypants (0.2.0) from /Library/Ruby/Gems/2.0.0/specifications/rubypants-0.2.0.gemspec
I, [2014-07-07T17:18:24.265484 #31824]  INFO -- : 0:  sass-globbing (1.0.0) from /Library/Ruby/Gems/2.0.0/specifications/sass-globbing-1.0.0.gemspec
I, [2014-07-07T17:18:24.265785 #31824]  INFO -- : 0:  tilt (1.3.7) from /Library/Ruby/Gems/2.0.0/specifications/tilt-1.3.7.gemspec
I, [2014-07-07T17:18:24.266081 #31824]  INFO -- : 0:  sinatra (1.4.2) from /Library/Ruby/Gems/2.0.0/specifications/sinatra-1.4.2.gemspec
I, [2014-07-07T17:18:24.266376 #31824]  INFO -- : 0:  stringex (1.4.0) from /Library/Ruby/Gems/2.0.0/specifications/stringex-1.4.0.gemspec
I, [2014-07-07T17:18:24.266663 #31824]  INFO -- : 0:  bundler (1.5.1) from /Library/Ruby/Gems/2.0.0/specifications/bundler-1.5.1.gemspec
